TN:
SF:/home/moise/Self-Build/JSCourse/Politico/SERVER/server.js
FN:17,(anonymous_1)
FN:23,(anonymous_2)
FNF:2
FNH:1
FNDA:0,(anonymous_1)
FNDA:3,(anonymous_2)
DA:2,1
DA:3,1
DA:4,1
DA:5,1
DA:7,1
DA:8,1
DA:10,1
DA:12,1
DA:13,1
DA:14,1
DA:17,1
DA:18,0
DA:23,1
DA:24,3
DA:31,1
DA:32,1
DA:34,1
LF:17
LH:16
BRDA:31,0,0,1
BRDA:31,0,1,1
BRF:2
BRH:2
end_of_record
TN:
SF:/home/moise/Self-Build/JSCourse/Politico/SERVER/controllers/officeCtrl.js
FN:6,(anonymous_1)
FN:47,(anonymous_2)
FN:60,(anonymous_3)
FN:82,(anonymous_4)
FNF:4
FNH:3
FNDA:1,(anonymous_1)
FNDA:1,(anonymous_2)
FNDA:2,(anonymous_3)
FNDA:0,(anonymous_4)
DA:1,1
DA:2,1
DA:5,1
DA:11,1
DA:13,1
DA:18,0
DA:19,0
DA:20,0
DA:21,0
DA:22,0
DA:27,0
DA:28,0
DA:32,0
DA:33,0
DA:34,0
DA:42,0
DA:44,0
DA:48,1
DA:49,1
DA:50,1
DA:51,1
DA:55,1
DA:57,0
DA:61,2
DA:62,2
DA:63,2
DA:64,2
DA:65,0
DA:70,2
DA:74,2
DA:76,0
DA:88,0
DA:89,0
DA:90,0
DA:91,0
DA:92,0
DA:97,0
DA:98,0
DA:99,0
DA:100,0
DA:101,0
DA:106,0
DA:107,0
DA:108,0
DA:109,0
DA:110,0
DA:115,0
DA:116,0
DA:120,0
DA:121,0
DA:122,0
DA:123,0
DA:128,0
DA:129,0
DA:134,0
DA:135,0
DA:136,0
DA:143,0
DA:145,0
DA:150,1
LF:60
LH:17
BRDA:13,0,0,1
BRDA:13,0,1,0
BRDA:21,1,0,0
BRDA:21,1,1,0
BRDA:64,2,0,0
BRDA:64,2,1,2
BRDA:91,3,0,0
BRDA:91,3,1,0
BRDA:100,4,0,0
BRDA:100,4,1,0
BRDA:109,5,0,0
BRDA:109,5,1,0
BRDA:122,6,0,0
BRDA:122,6,1,0
BRF:14
BRH:2
end_of_record
TN:
SF:/home/moise/Self-Build/JSCourse/Politico/SERVER/controllers/partiesCtrl.js
FN:6,(anonymous_1)
FN:53,(anonymous_2)
FN:71,(anonymous_3)
FN:95,(anonymous_4)
FN:147,(anonymous_5)
FNF:5
FNH:4
FNDA:1,(anonymous_1)
FNDA:1,(anonymous_2)
FNDA:3,(anonymous_3)
FNDA:0,(anonymous_4)
FNDA:2,(anonymous_5)
DA:1,1
DA:2,1
DA:5,1
DA:13,1
DA:15,1
DA:20,0
DA:21,0
DA:22,0
DA:23,0
DA:24,0
DA:29,0
DA:30,0
DA:35,0
DA:36,0
DA:37,0
DA:45,0
DA:47,0
DA:54,1
DA:55,1
DA:58,1
DA:59,1
DA:63,1
DA:65,0
DA:72,3
DA:73,3
DA:76,3
DA:77,3
DA:78,3
DA:83,0
DA:87,0
DA:89,0
DA:100,0
DA:102,0
DA:106,0
DA:107,0
DA:108,0
DA:109,0
DA:110,0
DA:115,0
DA:116,0
DA:119,0
DA:120,0
DA:121,0
DA:122,0
DA:123,0
DA:124,0
DA:130,0
DA:131,0
DA:139,0
DA:141,0
DA:150,2
DA:151,2
DA:152,2
DA:153,2
DA:154,2
DA:155,2
DA:156,2
DA:161,0
DA:162,0
DA:166,0
DA:168,0
DA:176,1
LF:62
LH:23
BRDA:15,0,0,1
BRDA:15,0,1,0
BRDA:23,1,0,0
BRDA:23,1,1,0
BRDA:77,2,0,3
BRDA:77,2,1,0
BRDA:102,3,0,0
BRDA:102,3,1,0
BRDA:109,4,0,0
BRDA:109,4,1,0
BRDA:123,5,0,0
BRDA:123,5,1,0
BRDA:155,6,0,2
BRDA:155,6,1,0
BRF:14
BRH:3
end_of_record
TN:
SF:/home/moise/Self-Build/JSCourse/Politico/SERVER/controllers/auth/userAuth.js
FN:9,(anonymous_2)
FN:69,(anonymous_3)
FNF:2
FNH:1
FNDA:1,(anonymous_2)
FNDA:0,(anonymous_3)
DA:1,1
DA:3,1
DA:6,1
DA:8,1
DA:12,1
DA:13,1
DA:14,1
DA:15,1
DA:16,0
DA:22,1
DA:23,1
DA:24,1
DA:25,1
DA:26,1
DA:32,0
DA:34,0
DA:35,0
DA:45,0
DA:46,0
DA:49,0
DA:59,0
DA:64,0
DA:66,0
DA:81,0
DA:82,0
DA:83,0
DA:84,0
DA:85,0
DA:90,0
DA:91,0
DA:96,0
DA:105,0
DA:109,0
DA:111,0
DA:116,1
LF:35
LH:14
BRDA:15,0,0,0
BRDA:15,0,1,1
BRDA:25,1,0,1
BRDA:25,1,1,0
BRDA:84,2,0,0
BRDA:84,2,1,0
BRDA:90,3,0,0
BRDA:90,3,1,0
BRF:8
BRH:2
end_of_record
TN:
SF:/home/moise/Self-Build/JSCourse/Politico/SERVER/db/dbIndex.js
FN:10,(anonymous_1)
FN:11,(anonymous_2)
FN:13,(anonymous_3)
FN:16,(anonymous_4)
FNF:4
FNH:3
FNDA:11,(anonymous_1)
FNDA:11,(anonymous_2)
FNDA:11,(anonymous_3)
FNDA:0,(anonymous_4)
DA:1,1
DA:2,1
DA:4,1
DA:9,1
DA:11,11
DA:12,11
DA:14,11
DA:17,0
LF:8
LH:7
BRDA:5,0,0,1
BRDA:5,0,1,1
BRF:2
BRH:2
end_of_record
TN:
SF:/home/moise/Self-Build/JSCourse/Politico/SERVER/db/dbKeys.js
FNF:0
FNH:0
DA:1,1
LF:1
LH:1
BRF:0
BRH:0
end_of_record
TN:
SF:/home/moise/Self-Build/JSCourse/Politico/SERVER/helpers/logInValidator.js
FN:4,(anonymous_1)
FN:25,(anonymous_2)
FNF:2
FNH:0
FNDA:0,(anonymous_1)
FNDA:0,(anonymous_2)
DA:1,1
DA:2,1
DA:4,1
DA:5,0
DA:11,0
DA:22,0
DA:25,1
DA:26,0
DA:27,0
DA:29,1
LF:10
LH:5
BRF:0
BRH:0
end_of_record
TN:
SF:/home/moise/Self-Build/JSCourse/Politico/SERVER/helpers/officeValidator.js
FN:3,officeValidator
FNF:1
FNH:1
FNDA:1,officeValidator
DA:1,1
DA:4,1
DA:9,1
DA:20,1
DA:23,1
LF:5
LH:5
BRF:0
BRH:0
end_of_record
TN:
SF:/home/moise/Self-Build/JSCourse/Politico/SERVER/helpers/partyValidator.js
FN:3,partyValidator
FNF:1
FNH:1
FNDA:1,partyValidator
DA:1,1
DA:4,1
DA:10,1
DA:21,1
DA:24,1
LF:5
LH:5
BRF:0
BRH:0
end_of_record
TN:
SF:/home/moise/Self-Build/JSCourse/Politico/SERVER/helpers/signUpValidator.js
FN:5,(anonymous_1)
FN:32,(anonymous_2)
FN:33,(anonymous_3)
FN:40,(anonymous_4)
FN:46,(anonymous_5)
FNF:5
FNH:0
FNDA:0,(anonymous_1)
FNDA:0,(anonymous_2)
FNDA:0,(anonymous_3)
FNDA:0,(anonymous_4)
FNDA:0,(anonymous_5)
DA:1,1
DA:2,1
DA:3,1
DA:5,1
DA:6,0
DA:17,0
DA:28,0
DA:32,1
DA:33,0
DA:34,0
DA:40,1
DA:41,0
DA:42,0
DA:46,1
DA:47,0
DA:51,0
LF:16
LH:7
BRF:0
BRH:0
end_of_record
TN:
SF:/home/moise/Self-Build/JSCourse/Politico/SERVER/middleware/adminAuth.js
FN:3,(anonymous_0)
FNF:1
FNH:0
FNDA:0,(anonymous_0)
DA:2,1
DA:4,0
DA:5,0
DA:7,0
DA:16,1
LF:5
LH:2
BRDA:4,0,0,0
BRDA:4,0,1,0
BRF:2
BRH:0
end_of_record
TN:
SF:/home/moise/Self-Build/JSCourse/Politico/SERVER/routes/api/v1/offices.js
FNF:0
FNH:0
DA:1,1
DA:3,1
DA:4,1
DA:6,1
DA:9,1
DA:11,1
DA:14,1
DA:15,1
DA:16,1
DA:20,1
LF:10
LH:10
BRF:0
BRH:0
end_of_record
TN:
SF:/home/moise/Self-Build/JSCourse/Politico/SERVER/routes/api/v1/parties.js
FNF:0
FNH:0
DA:1,1
DA:6,1
DA:14,1
DA:17,1
DA:19,1
DA:22,1
DA:24,1
DA:26,1
DA:28,1
DA:30,1
DA:33,1
LF:11
LH:11
BRF:0
BRH:0
end_of_record
TN:
SF:/home/moise/Self-Build/JSCourse/Politico/SERVER/routes/auth/userRoutes.js
FNF:0
FNH:0
DA:1,1
DA:3,1
DA:5,1
DA:7,1
DA:9,1
DA:11,1
DA:12,1
DA:14,1
LF:8
LH:8
BRF:0
BRH:0
end_of_record
