TN:
SF:/home/moise/Self-Build/JSCourse/Politico/SERVER/server.js
FN:14,(anonymous_1)
FN:21,(anonymous_2)
FNF:2
FNH:1
FNDA:0,(anonymous_1)
FNDA:1,(anonymous_2)
DA:2,1
DA:3,1
DA:4,1
DA:6,1
DA:7,1
DA:9,1
DA:11,1
DA:12,1
DA:14,1
DA:15,0
DA:20,1
DA:21,1
DA:22,1
LF:13
LH:12
BRDA:20,0,0,1
BRDA:20,0,1,1
BRF:2
BRH:2
end_of_record
TN:
SF:/home/moise/Self-Build/JSCourse/Politico/SERVER/controllers/offices.js
FN:40,(anonymous_10)
FN:56,officeValidator
FNF:2
FNH:0
FNDA:0,(anonymous_10)
FNDA:0,officeValidator
DA:2,1
DA:3,1
DA:9,0
DA:13,0
DA:15,0
DA:20,0
DA:25,0
DA:26,0
DA:33,0
DA:40,0
DA:41,0
DA:42,0
DA:48,0
DA:57,0
DA:63,0
DA:69,0
LF:16
LH:2
BRDA:15,0,0,0
BRDA:15,0,1,0
BRDA:41,1,0,0
BRDA:41,1,1,0
BRF:4
BRH:0
end_of_record
TN:
SF:/home/moise/Self-Build/JSCourse/Politico/SERVER/controllers/parties.js
FN:43,(anonymous_10)
FN:59,(anonymous_12)
FN:89,(anonymous_14)
FN:106,partyValidator
FNF:4
FNH:0
FNDA:0,(anonymous_10)
FNDA:0,(anonymous_12)
FNDA:0,(anonymous_14)
FNDA:0,partyValidator
DA:1,1
DA:2,1
DA:6,0
DA:10,0
DA:12,0
DA:17,0
DA:23,0
DA:24,0
DA:33,1
DA:43,0
DA:44,0
DA:48,0
DA:57,0
DA:59,0
DA:60,0
DA:61,0
DA:71,0
DA:72,0
DA:77,0
DA:78,0
DA:79,0
DA:81,0
DA:89,0
DA:90,0
DA:95,0
DA:96,0
DA:97,0
DA:107,0
DA:113,0
DA:119,0
LF:30
LH:3
BRDA:12,0,0,0
BRDA:12,0,1,0
BRDA:44,1,0,0
BRDA:44,1,1,0
BRDA:60,2,0,0
BRDA:60,2,1,0
BRDA:72,3,0,0
BRDA:72,3,1,0
BRDA:90,4,0,0
BRDA:90,4,1,0
BRF:10
BRH:0
end_of_record
TN:
SF:/home/moise/Self-Build/JSCourse/Politico/SERVER/routes/offices.js
FNF:0
FNH:0
DA:1,1
DA:3,1
DA:6,1
DA:8,1
DA:10,1
DA:11,1
LF:6
LH:6
BRF:0
BRH:0
end_of_record
TN:
SF:/home/moise/Self-Build/JSCourse/Politico/SERVER/routes/parties.js
FNF:0
FNH:0
DA:1,1
DA:3,1
DA:6,1
DA:8,1
DA:11,1
DA:13,1
DA:15,1
DA:17,1
DA:19,1
LF:9
LH:9
BRF:0
BRH:0
end_of_record
